<?xml version="1.0" encoding="UTF-8"?>
<testsuite name="com.xgw.wwx.test.HttpUtilTest" time="0" tests="4" errors="0" skipped="4" failures="0">
  <properties>
[...]
</properties>
  <testcase name="testGetNodeInfo" classname="com.xgw.wwx.test.HttpUtilTest" time="0">
    <skipped/>
    <system-out><![CDATA[2018-09-26 16:15:03.861 [main] INFO org.springframework.boot.test.context.SpringBootTestContextBootstrapper:307 - Neither @ContextConfiguration nor @ContextHierarchy found for test class [com.xgw.wwx.test.HttpUtilTest], using SpringBootContextLoader
2018-09-26 16:15:03.867 [main] INFO org.springframework.test.context.support.AbstractContextLoader:264 - Could not detect default resource locations for test class [com.xgw.wwx.test.HttpUtilTest]: no resource found for suffixes {-context.xml, Context.groovy}.
2018-09-26 16:15:03.868 [main] INFO org.springframework.test.context.support.AnnotationConfigContextLoaderUtils:82 - Could not detect default configuration classes for test class [com.xgw.wwx.test.HttpUtilTest]: HttpUtilTest does not declare any static, non-private, non-final, nested classes annotated with @Configuration.
2018-09-26 16:15:03.967 [main] INFO org.springframework.boot.test.context.SpringBootTestContextBootstrapper:206 - Found @SpringBootConfiguration com.xgw.wwx.WwxApplication for test class com.xgw.wwx.test.HttpUtilTest
2018-09-26 16:15:03.972 [main] INFO org.springframework.boot.test.context.SpringBootTestContextBootstrapper:248 - Loaded default TestExecutionListener class names from location [META-INF/spring.factories]: [org.springframework.boot.test.mock.mockito.MockitoTestExecutionListener, org.springframework.boot.test.mock.mockito.ResetMocksTestExecutionListener, org.springframework.boot.test.autoconfigure.restdocs.RestDocsTestExecutionListener, org.springframework.boot.test.autoconfigure.web.client.MockRestServiceServerResetTestExecutionListener, org.springframework.boot.test.autoconfigure.web.servlet.MockMvcPrintOnlyOnFailureTestExecutionListener, org.springframework.boot.test.autoconfigure.web.servlet.WebDriverTestExecutionListener, org.springframework.test.context.web.ServletTestExecutionListener, org.springframework.test.context.support.DirtiesContextBeforeModesTestExecutionListener, org.springframework.test.context.support.DependencyInjectionTestExecutionListener, org.springframework.test.context.support.DirtiesContextTestExecutionListener, org.springframework.test.context.transaction.TransactionalTestExecutionListener, org.springframework.test.context.jdbc.SqlScriptsTestExecutionListener]
2018-09-26 16:15:03.987 [main] INFO org.springframework.boot.test.context.SpringBootTestContextBootstrapper:174 - Using TestExecutionListeners: [org.springframework.test.context.web.ServletTestExecutionListener@2accdbb5, org.springframework.test.context.support.DirtiesContextBeforeModesTestExecutionListener@b62d79, org.springframework.boot.test.mock.mockito.MockitoTestExecutionListener@6631f5ca, org.springframework.boot.test.autoconfigure.SpringBootDependencyInjectionTestExecutionListener@5ace1ed4, org.springframework.test.context.support.DirtiesContextTestExecutionListener@1613674b, org.springframework.test.context.transaction.TransactionalTestExecutionListener@27ff5d15, org.springframework.test.context.jdbc.SqlScriptsTestExecutionListener@4e096385, org.springframework.boot.test.mock.mockito.ResetMocksTestExecutionListener@649bec2e, org.springframework.boot.test.autoconfigure.restdocs.RestDocsTestExecutionListener@693fe6c9, org.springframework.boot.test.autoconfigure.web.client.MockRestServiceServerResetTestExecutionListener@34f5090e, org.springframework.boot.test.autoconfigure.web.servlet.MockMvcPrintOnlyOnFailureTestExecutionListener@31e5415e, org.springframework.boot.test.autoconfigure.web.servlet.WebDriverTestExecutionListener@a2431d0]
2018-09-26 16:15:03.992 [main] INFO org.springframework.boot.test.context.SpringBootTestContextBootstrapper:307 - Neither @ContextConfiguration nor @ContextHierarchy found for test class [com.xgw.wwx.test.HttpUtilTest], using SpringBootContextLoader
2018-09-26 16:15:03.993 [main] INFO org.springframework.test.context.support.AbstractContextLoader:264 - Could not detect default resource locations for test class [com.xgw.wwx.test.HttpUtilTest]: no resource found for suffixes {-context.xml, Context.groovy}.
2018-09-26 16:15:03.993 [main] INFO org.springframework.test.context.support.AnnotationConfigContextLoaderUtils:82 - Could not detect default configuration classes for test class [com.xgw.wwx.test.HttpUtilTest]: HttpUtilTest does not declare any static, non-private, non-final, nested classes annotated with @Configuration.
2018-09-26 16:15:03.997 [main] INFO org.springframework.boot.test.context.SpringBootTestContextBootstrapper:206 - Found @SpringBootConfiguration com.xgw.wwx.WwxApplication for test class com.xgw.wwx.test.HttpUtilTest
2018-09-26 16:15:04.000 [main] INFO org.springframework.boot.test.context.SpringBootTestContextBootstrapper:248 - Loaded default TestExecutionListener class names from location [META-INF/spring.factories]: [org.springframework.boot.test.mock.mockito.MockitoTestExecutionListener, org.springframework.boot.test.mock.mockito.ResetMocksTestExecutionListener, org.springframework.boot.test.autoconfigure.restdocs.RestDocsTestExecutionListener, org.springframework.boot.test.autoconfigure.web.client.MockRestServiceServerResetTestExecutionListener, org.springframework.boot.test.autoconfigure.web.servlet.MockMvcPrintOnlyOnFailureTestExecutionListener, org.springframework.boot.test.autoconfigure.web.servlet.WebDriverTestExecutionListener, org.springframework.test.context.web.ServletTestExecutionListener, org.springframework.test.context.support.DirtiesContextBeforeModesTestExecutionListener, org.springframework.test.context.support.DependencyInjectionTestExecutionListener, org.springframework.test.context.support.DirtiesContextTestExecutionListener, org.springframework.test.context.transaction.TransactionalTestExecutionListener, org.springframework.test.context.jdbc.SqlScriptsTestExecutionListener]
2018-09-26 16:15:04.003 [main] INFO org.springframework.boot.test.context.SpringBootTestContextBootstrapper:174 - Using TestExecutionListeners: [org.springframework.test.context.web.ServletTestExecutionListener@bd4dc25, org.springframework.test.context.support.DirtiesContextBeforeModesTestExecutionListener@25084a1e, org.springframework.boot.test.mock.mockito.MockitoTestExecutionListener@156b88f5, org.springframework.boot.test.autoconfigure.SpringBootDependencyInjectionTestExecutionListener@3bf9ce3e, org.springframework.test.context.support.DirtiesContextTestExecutionListener@16610890, org.springframework.test.context.transaction.TransactionalTestExecutionListener@71def8f8, org.springframework.test.context.jdbc.SqlScriptsTestExecutionListener@383bfa16, org.springframework.boot.test.mock.mockito.ResetMocksTestExecutionListener@4d465b11, org.springframework.boot.test.autoconfigure.restdocs.RestDocsTestExecutionListener@53fdffa1, org.springframework.boot.test.autoconfigure.web.client.MockRestServiceServerResetTestExecutionListener@5562c41e, org.springframework.boot.test.autoconfigure.web.servlet.MockMvcPrintOnlyOnFailureTestExecutionListener@32ee6fee, org.springframework.boot.test.autoconfigure.web.servlet.WebDriverTestExecutionListener@4d0f2471]
]]></system-out>
  </testcase>
  <testcase name="testdeleteDictAll" classname="com.xgw.wwx.test.HttpUtilTest" time="0">
    <skipped/>
  </testcase>
  <testcase name="testdeleteDict" classname="com.xgw.wwx.test.HttpUtilTest" time="0">
    <skipped/>
  </testcase>
  <testcase name="testdeleteUser" classname="com.xgw.wwx.test.HttpUtilTest" time="0">
    <skipped/>
  </testcase>
</testsuite>