<?xml version="1.0" encoding="UTF-8"?>
<testsuite name="com.xgw.wwx.test.HttpUtilTest" time="0" tests="6" errors="0" skipped="6" failures="0">
  <properties>
[...]
</properties>
  <testcase name="testGetNodeInfo" classname="com.xgw.wwx.test.HttpUtilTest" time="0">
    <skipped/>
    <system-out><![CDATA[2018-11-20 17:04:42.729 [main] INFO org.springframework.boot.test.context.SpringBootTestContextBootstrapper:307 - Neither @ContextConfiguration nor @ContextHierarchy found for test class [com.xgw.wwx.test.HttpUtilTest], using SpringBootContextLoader
2018-11-20 17:04:42.746 [main] INFO org.springframework.test.context.support.AbstractContextLoader:264 - Could not detect default resource locations for test class [com.xgw.wwx.test.HttpUtilTest]: no resource found for suffixes {-context.xml, Context.groovy}.
2018-11-20 17:04:42.747 [main] INFO org.springframework.test.context.support.AnnotationConfigContextLoaderUtils:82 - Could not detect default configuration classes for test class [com.xgw.wwx.test.HttpUtilTest]: HttpUtilTest does not declare any static, non-private, non-final, nested classes annotated with @Configuration.
2018-11-20 17:04:42.842 [main] INFO org.springframework.boot.test.context.SpringBootTestContextBootstrapper:206 - Found @SpringBootConfiguration com.xgw.wwx.WwxApplication for test class com.xgw.wwx.test.HttpUtilTest
2018-11-20 17:04:42.846 [main] INFO org.springframework.boot.test.context.SpringBootTestContextBootstrapper:248 - Loaded default TestExecutionListener class names from location [META-INF/spring.factories]: [org.springframework.boot.test.mock.mockito.MockitoTestExecutionListener, org.springframework.boot.test.mock.mockito.ResetMocksTestExecutionListener, org.springframework.boot.test.autoconfigure.restdocs.RestDocsTestExecutionListener, org.springframework.boot.test.autoconfigure.web.client.MockRestServiceServerResetTestExecutionListener, org.springframework.boot.test.autoconfigure.web.servlet.MockMvcPrintOnlyOnFailureTestExecutionListener, org.springframework.boot.test.autoconfigure.web.servlet.WebDriverTestExecutionListener, org.springframework.test.context.web.ServletTestExecutionListener, org.springframework.test.context.support.DirtiesContextBeforeModesTestExecutionListener, org.springframework.test.context.support.DependencyInjectionTestExecutionListener, org.springframework.test.context.support.DirtiesContextTestExecutionListener, org.springframework.test.context.transaction.TransactionalTestExecutionListener, org.springframework.test.context.jdbc.SqlScriptsTestExecutionListener]
2018-11-20 17:04:42.861 [main] INFO org.springframework.boot.test.context.SpringBootTestContextBootstrapper:174 - Using TestExecutionListeners: [org.springframework.test.context.web.ServletTestExecutionListener@5ace1ed4, org.springframework.test.context.support.DirtiesContextBeforeModesTestExecutionListener@1613674b, org.springframework.boot.test.mock.mockito.MockitoTestExecutionListener@27ff5d15, org.springframework.boot.test.autoconfigure.SpringBootDependencyInjectionTestExecutionListener@4e096385, org.springframework.test.context.support.DirtiesContextTestExecutionListener@649bec2e, org.springframework.test.context.transaction.TransactionalTestExecutionListener@693fe6c9, org.springframework.test.context.jdbc.SqlScriptsTestExecutionListener@34f5090e, org.springframework.boot.test.mock.mockito.ResetMocksTestExecutionListener@31e5415e, org.springframework.boot.test.autoconfigure.restdocs.RestDocsTestExecutionListener@a2431d0, org.springframework.boot.test.autoconfigure.web.client.MockRestServiceServerResetTestExecutionListener@1cbb87f3, org.springframework.boot.test.autoconfigure.web.servlet.MockMvcPrintOnlyOnFailureTestExecutionListener@1a4013, org.springframework.boot.test.autoconfigure.web.servlet.WebDriverTestExecutionListener@1b6e1eff]
2018-11-20 17:04:42.865 [main] INFO org.springframework.boot.test.context.SpringBootTestContextBootstrapper:307 - Neither @ContextConfiguration nor @ContextHierarchy found for test class [com.xgw.wwx.test.HttpUtilTest], using SpringBootContextLoader
2018-11-20 17:04:42.866 [main] INFO org.springframework.test.context.support.AbstractContextLoader:264 - Could not detect default resource locations for test class [com.xgw.wwx.test.HttpUtilTest]: no resource found for suffixes {-context.xml, Context.groovy}.
2018-11-20 17:04:42.867 [main] INFO org.springframework.test.context.support.AnnotationConfigContextLoaderUtils:82 - Could not detect default configuration classes for test class [com.xgw.wwx.test.HttpUtilTest]: HttpUtilTest does not declare any static, non-private, non-final, nested classes annotated with @Configuration.
2018-11-20 17:04:42.871 [main] INFO org.springframework.boot.test.context.SpringBootTestContextBootstrapper:206 - Found @SpringBootConfiguration com.xgw.wwx.WwxApplication for test class com.xgw.wwx.test.HttpUtilTest
2018-11-20 17:04:42.875 [main] INFO org.springframework.boot.test.context.SpringBootTestContextBootstrapper:248 - Loaded default TestExecutionListener class names from location [META-INF/spring.factories]: [org.springframework.boot.test.mock.mockito.MockitoTestExecutionListener, org.springframework.boot.test.mock.mockito.ResetMocksTestExecutionListener, org.springframework.boot.test.autoconfigure.restdocs.RestDocsTestExecutionListener, org.springframework.boot.test.autoconfigure.web.client.MockRestServiceServerResetTestExecutionListener, org.springframework.boot.test.autoconfigure.web.servlet.MockMvcPrintOnlyOnFailureTestExecutionListener, org.springframework.boot.test.autoconfigure.web.servlet.WebDriverTestExecutionListener, org.springframework.test.context.web.ServletTestExecutionListener, org.springframework.test.context.support.DirtiesContextBeforeModesTestExecutionListener, org.springframework.test.context.support.DependencyInjectionTestExecutionListener, org.springframework.test.context.support.DirtiesContextTestExecutionListener, org.springframework.test.context.transaction.TransactionalTestExecutionListener, org.springframework.test.context.jdbc.SqlScriptsTestExecutionListener]
2018-11-20 17:04:42.877 [main] INFO org.springframework.boot.test.context.SpringBootTestContextBootstrapper:174 - Using TestExecutionListeners: [org.springframework.test.context.web.ServletTestExecutionListener@16610890, org.springframework.test.context.support.DirtiesContextBeforeModesTestExecutionListener@71def8f8, org.springframework.boot.test.mock.mockito.MockitoTestExecutionListener@383bfa16, org.springframework.boot.test.autoconfigure.SpringBootDependencyInjectionTestExecutionListener@4d465b11, org.springframework.test.context.support.DirtiesContextTestExecutionListener@53fdffa1, org.springframework.test.context.transaction.TransactionalTestExecutionListener@5562c41e, org.springframework.test.context.jdbc.SqlScriptsTestExecutionListener@32ee6fee, org.springframework.boot.test.mock.mockito.ResetMocksTestExecutionListener@4d0f2471, org.springframework.boot.test.autoconfigure.restdocs.RestDocsTestExecutionListener@7133da86, org.springframework.boot.test.autoconfigure.web.client.MockRestServiceServerResetTestExecutionListener@3232a28a, org.springframework.boot.test.autoconfigure.web.servlet.MockMvcPrintOnlyOnFailureTestExecutionListener@73e22a3d, org.springframework.boot.test.autoconfigure.web.servlet.WebDriverTestExecutionListener@47faa49c]
]]></system-out>
  </testcase>
  <testcase name="testdeleteDictAll" classname="com.xgw.wwx.test.HttpUtilTest" time="0">
    <skipped/>
  </testcase>
  <testcase name="testdeleteDict" classname="com.xgw.wwx.test.HttpUtilTest" time="0">
    <skipped/>
  </testcase>
  <testcase name="testdeleteUser" classname="com.xgw.wwx.test.HttpUtilTest" time="0">
    <skipped/>
  </testcase>
  <testcase name="testdeleteStrategyAll" classname="com.xgw.wwx.test.HttpUtilTest" time="0">
    <skipped/>
  </testcase>
  <testcase name="testUpLoadFromDisk" classname="com.xgw.wwx.test.HttpUtilTest" time="0">
    <skipped/>
  </testcase>
</testsuite>